# JRE version: OpenJDK Runtime Environment Temurin-21.0.10+7 (21.0.10+7) (build 21.0.10+7-LTS)
# Java VM: OpenJDK 64-Bit Server VM Temurin-21.0.10+7 (21.0.10+7-LTS, mixed mode, sharing, tiered, compressed oops, compressed class ptrs, parallel gc, windows-amd64)
GC Precious Log:
 CardTable entry size: 512
 CPUs: 4 total, 4 available
 Memory: 7886M
 Large Page Support: Disabled
 NUMA Support: Disabled
 Compressed Oops: Enabled (32-bit)
 Alignments: Space 512K, Generation 512K, Heap 2M
 Heap Min Capacity: 100M
 Heap Initial Capacity: 100M
 Heap Max Capacity: 2G
 Pre-touch: Disabled
 Parallel Workers: 4
Heap:
 PSYoungGen      total 5120K, used 1033K [0x00000000d5580000, 0x00000000d5b80000, 0x0000000100000000)
  eden space 4096K, 7% used [0x00000000d5580000,0x00000000d55ce600,0x00000000d5980000)
  from space 1024K, 70% used [0x00000000d5a80000,0x00000000d5b34010,0x00000000d5b80000)
  to   space 1024K, 0% used [0x00000000d5980000,0x00000000d5980000,0x00000000d5a80000)
 ParOldGen       total 896512K, used 896427K [0x0000000080000000, 0x00000000b6b80000, 0x00000000d5580000)
  object space 896512K, 99% used [0x0000000080000000,0x00000000b6b6ac88,0x00000000b6b80000)
 Metaspace       used 73037K, committed 74624K, reserved 1179648K
  class space    used 7385K, committed 8064K, reserved 1048576K
GC Heap History (20 events):
Event: 800.967 GC heap before
{Heap before GC invocations=286 (full 3):
 PSYoungGen      total 5632K, used 5152K [0x00000000d5580000, 0x00000000d5d80000, 0x0000000100000000)
  eden space 4096K, 100% used [0x00000000d5580000,0x00000000d5980000,0x00000000d5980000)
  from space 1536K, 68% used [0x00000000d5c00000,0x00000000d5d08000,0x00000000d5d80000)
  to   space 1536K, 0% used [0x00000000d5a80000,0x00000000d5a80000,0x00000000d5c00000)
 ParOldGen       total 892416K, used 892278K [0x0000000080000000, 0x00000000b6780000, 0x00000000d5580000)
  object space 892416K, 99% used [0x0000000080000000,0x00000000b675dae0,0x00000000b6780000)
 Metaspace       used 72894K, committed 74496K, reserved 1179648K
  class space    used 7383K, committed 8064K, reserved 1048576K
}
Event: 800.971 GC heap after
{Heap after GC invocations=286 (full 3):
 PSYoungGen      total 5120K, used 980K [0x00000000d5580000, 0x00000000d5c80000, 0x0000000100000000)
  eden space 4096K, 0% used [0x00000000d5580000,0x00000000d5580000,0x00000000d5980000)
  from space 1024K, 95% used [0x00000000d5a80000,0x00000000d5b75200,0x00000000d5b80000)
  to   space 1024K, 0% used [0x00000000d5b80000,0x00000000d5b80000,0x00000000d5c80000)
 ParOldGen       total 893440K, used 893158K [0x0000000080000000, 0x00000000b6880000, 0x00000000d5580000)
  object space 893440K, 99% used [0x0000000080000000,0x00000000b6839b00,0x00000000b6880000)
 Metaspace       used 72894K, committed 74496K, reserved 1179648K
  class space    used 7383K, committed 8064K, reserved 1048576K
}
Event: 811.141 GC heap before
{Heap before GC invocations=287 (full 3):
 PSYoungGen      total 5120K, used 5076K [0x00000000d5580000, 0x00000000d5c80000, 0x0000000100000000)
  eden space 4096K, 99% used [0x00000000d5580000,0x00000000d597ff10,0x00000000d5980000)
  from space 1024K, 95% used [0x00000000d5a80000,0x00000000d5b75200,0x00000000d5b80000)
  to   space 1024K, 0% used [0x00000000d5b80000,0x00000000d5b80000,0x00000000d5c80000)
 ParOldGen       total 893440K, used 893158K [0x0000000080000000, 0x00000000b6880000, 0x00000000d5580000)
  object space 893440K, 99% used [0x0000000080000000,0x00000000b6839b00,0x00000000b6880000)
 Metaspace       used 72946K, committed 74560K, reserved 1179648K
  class space    used 7384K, committed 8064K, reserved 1048576K
}
Event: 811.145 GC heap after
{Heap after GC invocations=287 (full 3):
 PSYoungGen      total 4608K, used 154K [0x00000000d5580000, 0x00000000d5c00000, 0x0000000100000000)
  eden space 4096K, 0% used [0x00000000d5580000,0x00000000d5580000,0x00000000d5980000)
  from space 512K, 30% used [0x00000000d5b80000,0x00000000d5ba6900,0x00000000d5c00000)
  to   space 512K, 0% used [0x00000000d5b00000,0x00000000d5b00000,0x00000000d5b80000)
 ParOldGen       total 893440K, used 893322K [0x0000000080000000, 0x00000000b6880000, 0x00000000d5580000)
  object space 893440K, 99% used [0x0000000080000000,0x00000000b68629f0,0x00000000b6880000)
 Metaspace       used 72946K, committed 74560K, reserved 1179648K
  class space    used 7384K, committed 8064K, reserved 1048576K
}
Event: 811.161 GC heap before
{Heap before GC invocations=288 (full 3):
 PSYoungGen      total 4608K, used 4250K [0x00000000d5580000, 0x00000000d5c00000, 0x0000000100000000)
  eden space 4096K, 100% used [0x00000000d5580000,0x00000000d5980000,0x00000000d5980000)
  from space 512K, 30% used [0x00000000d5b80000,0x00000000d5ba6900,0x00000000d5c00000)
  to   space 512K, 0% used [0x00000000d5b00000,0x00000000d5b00000,0x00000000d5b80000)
 ParOldGen       total 893440K, used 893322K [0x0000000080000000, 0x00000000b6880000, 0x00000000d5580000)
  object space 893440K, 99% used [0x0000000080000000,0x00000000b68629f0,0x00000000b6880000)
 Metaspace       used 72951K, committed 74560K, reserved 1179648K
  class space    used 7384K, committed 8064K, reserved 1048576K
}
Event: 811.164 GC heap after
{Heap after GC invocations=288 (full 3):
 PSYoungGen      total 4608K, used 512K [0x00000000d5580000, 0x00000000d5c00000, 0x0000000100000000)
  eden space 4096K, 0% used [0x00000000d5580000,0x00000000d5580000,0x00000000d5980000)
  from space 512K, 100% used [0x00000000d5b00000,0x00000000d5b80000,0x00000000d5b80000)
  to   space 512K, 0% used [0x00000000d5b80000,0x00000000d5b80000,0x00000000d5c00000)
 ParOldGen       total 893952K, used 893452K [0x0000000080000000, 0x00000000b6900000, 0x00000000d5580000)
  object space 893952K, 99% used [0x0000000080000000,0x00000000b6883300,0x00000000b6900000)
 Metaspace       used 72951K, committed 74560K, reserved 1179648K
  class space    used 7384K, committed 8064K, reserved 1048576K
}
Event: 811.189 GC heap before
{Heap before GC invocations=289 (full 3):
 PSYoungGen      total 4608K, used 4608K [0x00000000d5580000, 0x00000000d5c00000, 0x0000000100000000)
  eden space 4096K, 100% used [0x00000000d5580000,0x00000000d5980000,0x00000000d5980000)
  from space 512K, 100% used [0x00000000d5b00000,0x00000000d5b80000,0x00000000d5b80000)
  to   space 512K, 0% used [0x00000000d5b80000,0x00000000d5b80000,0x00000000d5c00000)
 ParOldGen       total 893952K, used 893452K [0x0000000080000000, 0x00000000b6900000, 0x00000000d5580000)
  object space 893952K, 99% used [0x0000000080000000,0x00000000b6883300,0x00000000b6900000)
 Metaspace       used 72985K, committed 74560K, reserved 1179648K
  class space    used 7385K, committed 8064K, reserved 1048576K
}
Event: 811.192 GC heap after
{Heap after GC invocations=289 (full 3):
 PSYoungGen      total 4608K, used 500K [0x00000000d5580000, 0x00000000d5c80000, 0x0000000100000000)
  eden space 4096K, 0% used [0x00000000d5580000,0x00000000d5580000,0x00000000d5980000)
  from space 512K, 97% used [0x00000000d5b80000,0x00000000d5bfd200,0x00000000d5c00000)
  to   space 1536K, 0% used [0x00000000d5980000,0x00000000d5980000,0x00000000d5b00000)
 ParOldGen       total 894464K, used 893983K [0x0000000080000000, 0x00000000b6980000, 0x00000000d5580000)
  object space 894464K, 99% used [0x0000000080000000,0x00000000b6907d28,0x00000000b6980000)
 Metaspace       used 72985K, committed 74560K, reserved 1179648K
  class space    used 7385K, committed 8064K, reserved 1048576K
}
Event: 811.204 GC heap before
{Heap before GC invocations=290 (full 3):
 PSYoungGen      total 4608K, used 4596K [0x00000000d5580000, 0x00000000d5c80000, 0x0000000100000000)
  eden space 4096K, 100% used [0x00000000d5580000,0x00000000d5980000,0x00000000d5980000)
  from space 512K, 97% used [0x00000000d5b80000,0x00000000d5bfd200,0x00000000d5c00000)
  to   space 1536K, 0% used [0x00000000d5980000,0x00000000d5980000,0x00000000d5b00000)
 ParOldGen       total 894464K, used 893983K [0x0000000080000000, 0x00000000b6980000, 0x00000000d5580000)
  object space 894464K, 99% used [0x0000000080000000,0x00000000b6907d28,0x00000000b6980000)
 Metaspace       used 72985K, committed 74560K, reserved 1179648K
  class space    used 7385K, committed 8064K, reserved 1048576K
}
Event: 811.207 GC heap after
{Heap after GC invocations=290 (full 3):
 PSYoungGen      total 5632K, used 608K [0x00000000d5580000, 0x00000000d5c00000, 0x0000000100000000)
  eden space 4096K, 0% used [0x00000000d5580000,0x00000000d5580000,0x00000000d5980000)
  from space 1536K, 39% used [0x00000000d5980000,0x00000000d5a18000,0x00000000d5b00000)
  to   space 1024K, 0% used [0x00000000d5b00000,0x00000000d5b00000,0x00000000d5c00000)
 ParOldGen       total 894976K, used 894495K [0x0000000080000000, 0x00000000b6a00000, 0x00000000d5580000)
  object space 894976K, 99% used [0x0000000080000000,0x00000000b6987e18,0x00000000b6a00000)
 Metaspace       used 72985K, committed 74560K, reserved 1179648K
  class space    used 7385K, committed 8064K, reserved 1048576K
}
Event: 815.566 GC heap before
{Heap before GC invocations=291 (full 3):
 PSYoungGen      total 5632K, used 4704K [0x00000000d5580000, 0x00000000d5c00000, 0x0000000100000000)
  eden space 4096K, 100% used [0x00000000d5580000,0x00000000d5980000,0x00000000d5980000)
  from space 1536K, 39% used [0x00000000d5980000,0x00000000d5a18000,0x00000000d5b00000)
  to   space 1024K, 0% used [0x00000000d5b00000,0x00000000d5b00000,0x00000000d5c00000)
 ParOldGen       total 894976K, used 894495K [0x0000000080000000, 0x00000000b6a00000, 0x00000000d5580000)
  object space 894976K, 99% used [0x0000000080000000,0x00000000b6987e18,0x00000000b6a00000)
 Metaspace       used 73005K, committed 74624K, reserved 1179648K
  class space    used 7385K, committed 8064K, reserved 1048576K
}
Event: 815.571 GC heap after
{Heap after GC invocations=291 (full 3):
 PSYoungGen      total 4608K, used 480K [0x00000000d5580000, 0x00000000d5b80000, 0x0000000100000000)
  eden space 4096K, 0% used [0x00000000d5580000,0x00000000d5580000,0x00000000d5980000)
  from space 512K, 93% used [0x00000000d5b00000,0x00000000d5b78000,0x00000000d5b80000)
  to   space 1024K, 0% used [0x00000000d5980000,0x00000000d5980000,0x00000000d5a80000)
 ParOldGen       total 895488K, used 895047K [0x0000000080000000, 0x00000000b6a80000, 0x00000000d5580000)
  object space 895488K, 99% used [0x0000000080000000,0x00000000b6a11f40,0x00000000b6a80000)
 Metaspace       used 73005K, committed 74624K, reserved 1179648K
  class space    used 7385K, committed 8064K, reserved 1048576K
}
Event: 841.509 GC heap before
{Heap before GC invocations=292 (full 3):
 PSYoungGen      total 4608K, used 4576K [0x00000000d5580000, 0x00000000d5b80000, 0x0000000100000000)
  eden space 4096K, 100% used [0x00000000d5580000,0x00000000d5980000,0x00000000d5980000)
  from space 512K, 93% used [0x00000000d5b00000,0x00000000d5b78000,0x00000000d5b80000)
  to   space 1024K, 0% used [0x00000000d5980000,0x00000000d5980000,0x00000000d5a80000)
 ParOldGen       total 895488K, used 895047K [0x0000000080000000, 0x00000000b6a80000, 0x00000000d5580000)
  object space 895488K, 99% used [0x0000000080000000,0x00000000b6a11f40,0x00000000b6a80000)
 Metaspace       used 73008K, committed 74624K, reserved 1179648K
  class space    used 7385K, committed 8064K, reserved 1048576K
}
Event: 841.514 GC heap after
{Heap after GC invocations=292 (full 3):
 PSYoungGen      total 5120K, used 128K [0x00000000d5580000, 0x00000000d5b80000, 0x0000000100000000)
  eden space 4096K, 0% used [0x00000000d5580000,0x00000000d5580000,0x00000000d5980000)
  from space 1024K, 12% used [0x00000000d5980000,0x00000000d59a0000,0x00000000d5a80000)
  to   space 512K, 0% used [0x00000000d5b00000,0x00000000d5b00000,0x00000000d5b80000)
 ParOldGen       total 896000K, used 895507K [0x0000000080000000, 0x00000000b6b00000, 0x00000000d5580000)
  object space 896000K, 99% used [0x0000000080000000,0x00000000b6a84e30,0x00000000b6b00000)
 Metaspace       used 73008K, committed 74624K, reserved 1179648K
  class space    used 7385K, committed 8064K, reserved 1048576K
}
Event: 895.700 GC heap before
{Heap before GC invocations=293 (full 3):
 PSYoungGen      total 5120K, used 4224K [0x00000000d5580000, 0x00000000d5b80000, 0x0000000100000000)
  eden space 4096K, 100% used [0x00000000d5580000,0x00000000d5980000,0x00000000d5980000)
  from space 1024K, 12% used [0x00000000d5980000,0x00000000d59a0000,0x00000000d5a80000)
  to   space 512K, 0% used [0x00000000d5b00000,0x00000000d5b00000,0x00000000d5b80000)
 ParOldGen       total 896000K, used 895507K [0x0000000080000000, 0x00000000b6b00000, 0x00000000d5580000)
  object space 896000K, 99% used [0x0000000080000000,0x00000000b6a84e30,0x00000000b6b00000)
 Metaspace       used 73012K, committed 74624K, reserved 1179648K
  class space    used 7385K, committed 8064K, reserved 1048576K
}
Event: 895.740 GC heap after
{Heap after GC invocations=293 (full 3):
 PSYoungGen      total 4608K, used 490K [0x00000000d5580000, 0x00000000d5b80000, 0x0000000100000000)
  eden space 4096K, 0% used [0x00000000d5580000,0x00000000d5580000,0x00000000d5980000)
  from space 512K, 95% used [0x00000000d5b00000,0x00000000d5b7a910,0x00000000d5b80000)
  to   space 1024K, 0% used [0x00000000d5980000,0x00000000d5980000,0x00000000d5a80000)
 ParOldGen       total 896000K, used 895643K [0x0000000080000000, 0x00000000b6b00000, 0x00000000d5580000)
  object space 896000K, 99% used [0x0000000080000000,0x00000000b6aa6e40,0x00000000b6b00000)
 Metaspace       used 73012K, committed 74624K, reserved 1179648K
  class space    used 7385K, committed 8064K, reserved 1048576K
}
Event: 895.932 GC heap before
{Heap before GC invocations=294 (full 3):
 PSYoungGen      total 4608K, used 4586K [0x00000000d5580000, 0x00000000d5b80000, 0x0000000100000000)
  eden space 4096K, 100% used [0x00000000d5580000,0x00000000d5980000,0x00000000d5980000)
  from space 512K, 95% used [0x00000000d5b00000,0x00000000d5b7a910,0x00000000d5b80000)
  to   space 1024K, 0% used [0x00000000d5980000,0x00000000d5980000,0x00000000d5a80000)
 ParOldGen       total 896000K, used 895643K [0x0000000080000000, 0x00000000b6b00000, 0x00000000d5580000)
  object space 896000K, 99% used [0x0000000080000000,0x00000000b6aa6e40,0x00000000b6b00000)
 Metaspace       used 73020K, committed 74624K, reserved 1179648K
  class space    used 7385K, committed 8064K, reserved 1048576K
}
Event: 895.938 GC heap after
{Heap after GC invocations=294 (full 3):
 PSYoungGen      total 5120K, used 506K [0x00000000d5580000, 0x00000000d5b80000, 0x0000000100000000)
  eden space 4096K, 0% used [0x00000000d5580000,0x00000000d5580000,0x00000000d5980000)
  from space 1024K, 49% used [0x00000000d5980000,0x00000000d59fe900,0x00000000d5a80000)
  to   space 1024K, 0% used [0x00000000d5a80000,0x00000000d5a80000,0x00000000d5b80000)
 ParOldGen       total 896512K, used 896008K [0x0000000080000000, 0x00000000b6b80000, 0x00000000d5580000)
  object space 896512K, 99% used [0x0000000080000000,0x00000000b6b02308,0x00000000b6b80000)
 Metaspace       used 73020K, committed 74624K, reserved 1179648K
  class space    used 7385K, committed 8064K, reserved 1048576K
}
Event: 895.994 GC heap before
{Heap before GC invocations=295 (full 3):
 PSYoungGen      total 5120K, used 4602K [0x00000000d5580000, 0x00000000d5b80000, 0x0000000100000000)
  eden space 4096K, 100% used [0x00000000d5580000,0x00000000d5980000,0x00000000d5980000)
  from space 1024K, 49% used [0x00000000d5980000,0x00000000d59fe900,0x00000000d5a80000)
  to   space 1024K, 0% used [0x00000000d5a80000,0x00000000d5a80000,0x00000000d5b80000)
 ParOldGen       total 896512K, used 896008K [0x0000000080000000, 0x00000000b6b80000, 0x00000000d5580000)
  object space 896512K, 99% used [0x0000000080000000,0x00000000b6b02308,0x00000000b6b80000)
 Metaspace       used 73029K, committed 74624K, reserved 1179648K
  class space    used 7385K, committed 8064K, reserved 1048576K
}
Event: 895.999 GC heap after
{Heap after GC invocations=295 (full 3):
 PSYoungGen      total 5120K, used 720K [0x00000000d5580000, 0x00000000d5b80000, 0x0000000100000000)
  eden space 4096K, 0% used [0x00000000d5580000,0x00000000d5580000,0x00000000d5980000)
  from space 1024K, 70% used [0x00000000d5a80000,0x00000000d5b34010,0x00000000d5b80000)
  to   space 1024K, 0% used [0x00000000d5980000,0x00000000d5980000,0x00000000d5a80000)
 ParOldGen       total 896512K, used 896427K [0x0000000080000000, 0x00000000b6b80000, 0x00000000d5580000)
  object space 896512K, 99% used [0x0000000080000000,0x00000000b6b6ac88,0x00000000b6b80000)
 Metaspace       used 73029K, committed 74624K, reserved 1179648K
  class space    used 7385K, committed 8064K, reserved 1048576K
}

